# JRE version: Java(TM) SE Runtime Environment (8.0_171-b11) (build 1.8.0_171-b11)
# Java VM: Java HotSpot(TM) 64-Bit Server VM (25.171-b11 mixed mode windows-amd64 compressed oops)
Heap:
 PSYoungGen      total 75264K, used 17100K [0x000000076c380000, 0x0000000772d80000, 0x00000007c0000000)
  eden space 64512K, 11% used [0x000000076c380000,0x000000076cafc3c8,0x0000000770280000)
  from space 10752K, 87% used [0x0000000770280000,0x0000000770bb6ee0,0x0000000770d00000)
  to   space 10752K, 0% used [0x0000000772300000,0x0000000772300000,0x0000000772d80000)
 ParOldGen       total 113664K, used 7457K [0x00000006c4a00000, 0x00000006cb900000, 0x000000076c380000)
  object space 113664K, 6% used [0x00000006c4a00000,0x00000006c51486c8,0x00000006cb900000)
 Metaspace       used 26654K, capacity 26890K, committed 27136K, reserved 1073152K
  class space    used 3739K, capacity 3819K, committed 3840K, reserved 1048576K
GC Heap History (8 events):
Event: 1.982 GC heap before
{Heap before GC invocations=1 (full 0):
 PSYoungGen      total 75264K, used 64512K [0x000000076c380000, 0x0000000771780000, 0x00000007c0000000)
  eden space 64512K, 100% used [0x000000076c380000,0x0000000770280000,0x0000000770280000)
  from space 10752K, 0% used [0x0000000770d00000,0x0000000770d00000,0x0000000771780000)
  to   space 10752K, 0% used [0x0000000770280000,0x0000000770280000,0x0000000770d00000)
 ParOldGen       total 172032K, used 0K [0x00000006c4a00000, 0x00000006cf200000, 0x000000076c380000)
  object space 172032K, 0% used [0x00000006c4a00000,0x00000006c4a00000,0x00000006cf200000)
 Metaspace       used 12357K, capacity 12540K, committed 12672K, reserved 1060864K
  class space    used 1764K, capacity 1812K, committed 1920K, reserved 1048576K
Event: 1.990 GC heap after
Heap after GC invocations=1 (full 0):
 PSYoungGen      total 75264K, used 9219K [0x000000076c380000, 0x0000000771780000, 0x00000007c0000000)
  eden space 64512K, 0% used [0x000000076c380000,0x000000076c380000,0x0000000770280000)
  from space 10752K, 85% used [0x0000000770280000,0x0000000770b80d38,0x0000000770d00000)
  to   space 10752K, 0% used [0x0000000770d00000,0x0000000770d00000,0x0000000771780000)
 ParOldGen       total 172032K, used 8K [0x00000006c4a00000, 0x00000006cf200000, 0x000000076c380000)
  object space 172032K, 0% used [0x00000006c4a00000,0x00000006c4a02000,0x00000006cf200000)
 Metaspace       used 12357K, capacity 12540K, committed 12672K, reserved 1060864K
  class space    used 1764K, capacity 1812K, committed 1920K, reserved 1048576K
}
Event: 2.803 GC heap before
{Heap before GC invocations=2 (full 0):
 PSYoungGen      total 75264K, used 60463K [0x000000076c380000, 0x0000000771780000, 0x00000007c0000000)
  eden space 64512K, 79% used [0x000000076c380000,0x000000076f58b150,0x0000000770280000)
  from space 10752K, 85% used [0x0000000770280000,0x0000000770b80d38,0x0000000770d00000)
  to   space 10752K, 0% used [0x0000000770d00000,0x0000000770d00000,0x0000000771780000)
 ParOldGen       total 172032K, used 8K [0x00000006c4a00000, 0x00000006cf200000, 0x000000076c380000)
  object space 172032K, 0% used [0x00000006c4a00000,0x00000006c4a02000,0x00000006cf200000)
 Metaspace       used 17760K, capacity 17914K, committed 18048K, reserved 1069056K
  class space    used 2503K, capacity 2579K, committed 2688K, reserved 1048576K
Event: 2.810 GC heap after
Heap after GC invocations=2 (full 0):
 PSYoungGen      total 75264K, used 7753K [0x000000076c380000, 0x0000000771780000, 0x00000007c0000000)
  eden space 64512K, 0% used [0x000000076c380000,0x000000076c380000,0x0000000770280000)
  from space 10752K, 72% used [0x0000000770d00000,0x0000000771492468,0x0000000771780000)
  to   space 10752K, 0% used [0x0000000770280000,0x0000000770280000,0x0000000770d00000)
 ParOldGen       total 172032K, used 88K [0x00000006c4a00000, 0x00000006cf200000, 0x000000076c380000)
  object space 172032K, 0% used [0x00000006c4a00000,0x00000006c4a16028,0x00000006cf200000)
 Metaspace       used 17760K, capacity 17914K, committed 18048K, reserved 1069056K
  class space    used 2503K, capacity 2579K, committed 2688K, reserved 1048576K
}
Event: 2.810 GC heap before
{Heap before GC invocations=3 (full 1):
 PSYoungGen      total 75264K, used 7753K [0x000000076c380000, 0x0000000771780000, 0x00000007c0000000)
  eden space 64512K, 0% used [0x000000076c380000,0x000000076c380000,0x0000000770280000)
  from space 10752K, 72% used [0x0000000770d00000,0x0000000771492468,0x0000000771780000)
  to   space 10752K, 0% used [0x0000000770280000,0x0000000770280000,0x0000000770d00000)
 ParOldGen       total 172032K, used 88K [0x00000006c4a00000, 0x00000006cf200000, 0x000000076c380000)
  object space 172032K, 0% used [0x00000006c4a00000,0x00000006c4a16028,0x00000006cf200000)
 Metaspace       used 17760K, capacity 17914K, committed 18048K, reserved 1069056K
  class space    used 2503K, capacity 2579K, committed 2688K, reserved 1048576K
Event: 2.841 GC heap after
Heap after GC invocations=3 (full 1):
 PSYoungGen      total 75264K, used 0K [0x000000076c380000, 0x0000000771780000, 0x00000007c0000000)
  eden space 64512K, 0% used [0x000000076c380000,0x000000076c380000,0x0000000770280000)
  from space 10752K, 0% used [0x0000000770d00000,0x0000000770d00000,0x0000000771780000)
  to   space 10752K, 0% used [0x0000000770280000,0x0000000770280000,0x0000000770d00000)
 ParOldGen       total 113664K, used 7449K [0x00000006c4a00000, 0x00000006cb900000, 0x000000076c380000)
  object space 113664K, 6% used [0x00000006c4a00000,0x00000006c51466c8,0x00000006cb900000)
 Metaspace       used 17760K, capacity 17914K, committed 18048K, reserved 1067008K
  class space    used 2503K, capacity 2579K, committed 2688K, reserved 1048576K
}
Event: 4.421 GC heap before
{Heap before GC invocations=4 (full 1):
 PSYoungGen      total 75264K, used 64512K [0x000000076c380000, 0x0000000771780000, 0x00000007c0000000)
  eden space 64512K, 100% used [0x000000076c380000,0x0000000770280000,0x0000000770280000)
  from space 10752K, 0% used [0x0000000770d00000,0x0000000770d00000,0x0000000771780000)
  to   space 10752K, 0% used [0x0000000770280000,0x0000000770280000,0x0000000770d00000)
 ParOldGen       total 113664K, used 7449K [0x00000006c4a00000, 0x00000006cb900000, 0x000000076c380000)
  object space 113664K, 6% used [0x00000006c4a00000,0x00000006c51466c8,0x00000006cb900000)
 Metaspace       used 25936K, capacity 26186K, committed 26368K, reserved 1073152K
  class space    used 3678K, capacity 3755K, committed 3840K, reserved 1048576K
Event: 4.429 GC heap after
Heap after GC invocations=4 (full 1):
 PSYoungGen      total 75264K, used 9435K [0x000000076c380000, 0x0000000772d80000, 0x00000007c0000000)
  eden space 64512K, 0% used [0x000000076c380000,0x000000076c380000,0x0000000770280000)
  from space 10752K, 87% used [0x0000000770280000,0x0000000770bb6ee0,0x0000000770d00000)
  to   space 10752K, 0% used [0x0000000772300000,0x0000000772300000,0x0000000772d80000)
 ParOldGen       total 113664K, used 7457K [0x00000006c4a00000, 0x00000006cb900000, 0x000000076c380000)
  object space 113664K, 6% used [0x00000006c4a00000,0x00000006c51486c8,0x00000006cb900000)
 Metaspace       used 25936K, capacity 26186K, committed 26368K, reserved 1073152K
  class space    used 3678K, capacity 3755K, committed 3840K, reserved 1048576K
}

